<?xml version="1.0" encoding="UTF-8"?>
<!-- Generated by org.testng.reporters.JUnitXMLReporter -->
<testsuite ignored="0" hostname="TYSS-Adarsh" failures="2" tests="2" name="Test-runner 2" time="19.942" errors="0" timestamp="2022-03-16T12:05:44 IST">
  <testcase classname="com.crm.autodesk.contactTest.CreateContactTest" name="createConctact" time="0.604">
    <failure type="java.lang.NullPointerException" message="Cannot invoke &amp;quot;org.apache.poi.ss.usermodel.Row.getCell(int)&amp;quot; because &amp;quot;row&amp;quot; is null">
      <![CDATA[java.lang.NullPointerException: Cannot invoke "org.apache.poi.ss.usermodel.Row.getCell(int)" because "row" is null
at com.crm.autodesk.GenericUtilities.ExcelUtility.getStringCellData(ExcelUtility.java:30)
at com.crm.autodesk.contactTest.CreateContactTest.createConctact(CreateContactTest.java:24)
at java.base/java.util.ArrayList.forEach(ArrayList.java:1511)
at java.base/java.util.concurrent.FutureTask.run(FutureTask.java:264)
at java.base/java.util.concurrent.ThreadPoolExecutor.runWorker(ThreadPoolExecutor.java:1130)
at java.base/java.util.concurrent.ThreadPoolExecutor$Worker.run(ThreadPoolExecutor.java:630)
at java.base/java.lang.Thread.run(Thread.java:831)
... Removed 18 stack frames]]>
    </failure>
  </testcase> <!-- createConctact -->
  <testcase classname="com.crm.autodesk.contactTest.CreateContactTest" name="createContactWithLeadSource" time="0.022">
    <failure type="java.lang.NullPointerException" message="Cannot invoke &amp;quot;org.apache.poi.ss.usermodel.Row.getCell(int)&amp;quot; because &amp;quot;row&amp;quot; is null">
      <![CDATA[java.lang.NullPointerException: Cannot invoke "org.apache.poi.ss.usermodel.Row.getCell(int)" because "row" is null
at com.crm.autodesk.GenericUtilities.ExcelUtility.getStringCellData(ExcelUtility.java:30)
at com.crm.autodesk.contactTest.CreateContactTest.createContactWithLeadSource(CreateContactTest.java:47)
at java.base/java.util.ArrayList.forEach(ArrayList.java:1511)
at java.base/java.util.concurrent.FutureTask.run(FutureTask.java:264)
at java.base/java.util.concurrent.ThreadPoolExecutor.runWorker(ThreadPoolExecutor.java:1130)
at java.base/java.util.concurrent.ThreadPoolExecutor$Worker.run(ThreadPoolExecutor.java:630)
at java.base/java.lang.Thread.run(Thread.java:831)
... Removed 18 stack frames]]>
    </failure>
  </testcase> <!-- createContactWithLeadSource -->
</testsuite> <!-- Test-runner 2 -->
