<?xml version="1.0" encoding="UTF-8"?>
<!-- Generated by org.testng.reporters.JUnitReportReporter -->
<testsuite hostname="TYSS-Adarsh" failures="0" tests="2" name="com.crm.autodesk.organizationTest.CreateOrganizationWithIndustryTest" time="-1647414784.000" errors="1" timestamp="2022-03-16T12:43:09 IST" skipped="1">
  <testcase classname="com.crm.autodesk.organizationTest.CreateOrganizationWithIndustryTest" name="bc" time="-1647414784.000">
    <error message="
Parameter &#039;browser&#039; is required by BeforeClass on method bc but has not been marked @Optional or defined
in C:\Users\Adarsh M\eclipse-workspace\com.crm.autodeskSeleniumFramework\DistributedParalleltestng.xml" type="org.testng.TestNGException">
      <![CDATA[org.testng.TestNGException: 
Parameter 'browser' is required by BeforeClass on method bc but has not been marked @Optional or defined
in C:\Users\Adarsh M\eclipse-workspace\com.crm.autodeskSeleniumFramework\DistributedParalleltestng.xml
at org.testng.internal.Parameters.createParams(Parameters.java:270)
at org.testng.internal.Parameters.createParametersForMethod(Parameters.java:358)
at org.testng.internal.Parameters.createParameters(Parameters.java:700)
at org.testng.internal.Parameters.createConfigurationParameters(Parameters.java:168)
at org.testng.internal.ConfigInvoker.invokeConfigurations(ConfigInvoker.java:302)
at org.testng.internal.TestMethodWorker.invokeBeforeClassMethods(TestMethodWorker.java:176)
at org.testng.internal.TestMethodWorker.run(TestMethodWorker.java:122)
at java.base/java.util.concurrent.ThreadPoolExecutor.runWorker(ThreadPoolExecutor.java:1130)
at java.base/java.util.concurrent.ThreadPoolExecutor$Worker.run(ThreadPoolExecutor.java:630)
at java.base/java.lang.Thread.run(Thread.java:831)
]]>
    </error>
  </testcase> <!-- bc -->
  <system-out/>
  <testcase classname="com.crm.autodesk.organizationTest.CreateOrganizationWithIndustryTest" name="createOrganization" time="0.000">
    <skipped/>
  </testcase> <!-- createOrganization -->
  <system-out/>
</testsuite> <!-- com.crm.autodesk.organizationTest.CreateOrganizationWithIndustryTest -->
