<?xml version="1.0" encoding="UTF-8"?>
<!-- Generated by org.testng.reporters.JUnitReportReporter -->
<testsuite hostname="TYSS-Adarsh" failures="0" tests="1" name="com.crm.autodesk.organizationTest.FetchText" time="214.145" errors="0" timestamp="2022-03-09T19:11:06 IST" skipped="0">
  <testcase classname="com.crm.autodesk.organizationTest.FetchText" name="fetchText" time="214.145"/>
  <system-out/>
</testsuite> <!-- com.crm.autodesk.organizationTest.FetchText -->
