<?xml version="1.0" encoding="UTF-8"?>
<!-- Generated by org.testng.reporters.JUnitReportReporter -->
<testsuite hostname="TYSS-Adarsh" failures="0" tests="1" name="practice.SelectTodaysdateTest" time="11.675" errors="0" timestamp="2022-03-10T15:19:42 IST" skipped="0">
  <testcase classname="practice.SelectTodaysdateTest" name="presentDate" time="11.675"/>
  <system-out/>
</testsuite> <!-- practice.SelectTodaysdateTest -->
