<?xml version="1.0" encoding="UTF-8"?>
<!-- Generated by org.testng.reporters.JUnitReportReporter -->
<testsuite hostname="TYSS-Adarsh" failures="0" tests="1" name="practice.CreateContactTest" time="0.005" errors="0" timestamp="2022-03-15T15:48:22 IST" skipped="0">
  <testcase classname="practice.CreateContactTest" name="createcon" time="0.005"/>
  <system-out/>
</testsuite> <!-- practice.CreateContactTest -->
