<?xml version="1.0" encoding="UTF-8"?>
<!-- Generated by org.testng.reporters.JUnitReportReporter -->
<testsuite hostname="TYSS-Adarsh" failures="0" tests="1" name="com.crm.autodesk.organizationTest.CreateContactTest" time="5.120" errors="0" timestamp="2022-03-15T15:11:54 IST" skipped="0">
  <testcase classname="com.crm.autodesk.organizationTest.CreateContactTest" name="contact" time="5.120"/>
  <system-out/>
</testsuite> <!-- com.crm.autodesk.organizationTest.CreateContactTest -->
