<?xml version="1.0" encoding="UTF-8"?>
<!-- Generated by org.testng.reporters.JUnitReportReporter -->
<testsuite hostname="TYSS-Adarsh" failures="0" tests="1" name="practice.CreateOrganizationTest" time="0.001" errors="0" timestamp="2022-03-15T15:23:02 IST" skipped="0">
  <testcase classname="practice.CreateOrganizationTest" name="createorgwithindustry" time="0.001"/>
  <system-out/>
</testsuite> <!-- practice.CreateOrganizationTest -->
