<?xml version="1.0" encoding="UTF-8"?>
<!-- Generated by org.testng.reporters.JUnitReportReporter -->
<testsuite hostname="TYSS-Adarsh" failures="0" tests="3" name="practice.DemoTest" time="0.009" errors="0" timestamp="2022-03-11T12:57:36 IST" skipped="0">
  <testcase classname="practice.DemoTest" name="A" time="0.006"/>
  <system-out/>
  <testcase classname="practice.DemoTest" name="C" time="0.002"/>
  <system-out/>
  <testcase classname="practice.DemoTest" name="B" time="0.001"/>
  <system-out/>
</testsuite> <!-- practice.DemoTest -->
