<?xml version="1.0" encoding="UTF-8"?>
<!-- Generated by org.testng.reporters.JUnitReportReporter -->
<testsuite hostname="TYSS-Adarsh" failures="0" tests="1" name="practice.DataDrivenFromTestngTest" time="0.007" errors="0" timestamp="2022-03-16T12:28:39 IST" skipped="0">
  <testcase classname="practice.DataDrivenFromTestngTest" name="getvalues" time="0.007"/>
  <system-out/>
</testsuite> <!-- practice.DataDrivenFromTestngTest -->
