<?xml version="1.0" encoding="UTF-8"?>
<!-- Generated by org.testng.reporters.JUnitReportReporter -->
<testsuite hostname="TYSS-Adarsh" failures="0" tests="1" name="practice.PriorityTest" time="0.006" errors="0" timestamp="2022-03-15T21:35:19 IST" skipped="0">
  <testcase classname="practice.PriorityTest" name="A" time="0.006"/>
  <system-out/>
</testsuite> <!-- practice.PriorityTest -->
