<?xml version="1.0" encoding="UTF-8"?>
<!-- Generated by org.testng.reporters.JUnitReportReporter -->
<testsuite hostname="TYSS-Adarsh" failures="0" tests="1" name="practice.InvocationCountTest" time="9.425" errors="0" timestamp="2022-03-11T16:36:55 IST" skipped="0">
  <testcase classname="practice.InvocationCountTest" name="demo" time="9.425"/>
  <system-out>
    <![CDATA[its a demo project]]>
  </system-out>
</testsuite> <!-- practice.InvocationCountTest -->
