<?xml version="1.0" encoding="UTF-8"?>
<!-- Generated by org.testng.reporters.JUnitReportReporter -->
<testsuite hostname="TYSS-Adarsh" failures="0" tests="1" name="practice.ParametersTest" time="0.005" errors="0" timestamp="2022-03-22T14:42:53 IST" skipped="0">
  <testcase classname="practice.ParametersTest" name="data" time="0.005"/>
  <system-out/>
</testsuite> <!-- practice.ParametersTest -->
