<?xml version="1.0" encoding="UTF-8"?>
<!-- Generated by org.testng.reporters.JUnitReportReporter -->
<testsuite hostname="TYSS-Adarsh" failures="0" tests="2" name="practice.MultipleDatausingDataProviderTest" time="0.005" errors="0" timestamp="2022-03-14T12:39:20 IST" skipped="0">
  <testcase classname="practice.MultipleDatausingDataProviderTest" name="multipledata" time="0.000"/>
  <system-out/>
  <testcase classname="practice.MultipleDatausingDataProviderTest" name="multipledata" time="0.005"/>
  <system-out/>
</testsuite> <!-- practice.MultipleDatausingDataProviderTest -->
